2026-05-12T10:42:15Z books endpoint: count=6 sample=['test_book', 'tolstoj_lew_nikolaewich-text_1', 'tolstoj_lew_nikolaewich-text_2', 'tolstoj_lew_nikolaewich-text_3', 'tolstoj_lew_nikolaewich-text_4', 'чехов-письмо']
2026-05-12T10:42:15Z list_files: book=test_book files_count=16 sample=['chapters_summary.json', 'character_freq_by_chapter.csv', 'characters.csv', 'cloud_generation.log', 'complexity_metrics.json', 'cooccurrence_edges.csv', 'hapax.csv', 'processed/test_book_normalized.txt', 'processed/test_book_sentences.jsonl', 'punctuation_counts.csv']
2026-05-12T10:43:28Z books endpoint: count=6 sample=['test_book', 'tolstoj_lew_nikolaewich-text_1', 'tolstoj_lew_nikolaewich-text_2', 'tolstoj_lew_nikolaewich-text_3', 'tolstoj_lew_nikolaewich-text_4', 'чехов-письмо']
2026-05-12T10:43:28Z list_files: book=test_book files_count=16 sample=['chapters_summary.json', 'character_freq_by_chapter.csv', 'characters.csv', 'cloud_generation.log', 'complexity_metrics.json', 'cooccurrence_edges.csv', 'hapax.csv', 'processed/test_book_normalized.txt', 'processed/test_book_sentences.jsonl', 'punctuation_counts.csv']
2026-05-12T10:44:04Z books endpoint: count=6 sample=['test_book', 'tolstoj_lew_nikolaewich-text_1', 'tolstoj_lew_nikolaewich-text_2', 'tolstoj_lew_nikolaewich-text_3', 'tolstoj_lew_nikolaewich-text_4', 'чехов-письмо']
2026-05-12T10:44:04Z list_files: book=test_book files_count=16 sample=['chapters_summary.json', 'character_freq_by_chapter.csv', 'characters.csv', 'cloud_generation.log', 'complexity_metrics.json', 'cooccurrence_edges.csv', 'hapax.csv', 'processed/test_book_normalized.txt', 'processed/test_book_sentences.jsonl', 'punctuation_counts.csv']
2026-05-12T10:45:11Z books endpoint: count=6 sample=['test_book', 'tolstoj_lew_nikolaewich-text_1', 'tolstoj_lew_nikolaewich-text_2', 'tolstoj_lew_nikolaewich-text_3', 'tolstoj_lew_nikolaewich-text_4', 'чехов-письмо']
2026-05-12T10:45:11Z list_files: book=test_book files_count=16 sample=['chapters_summary.json', 'character_freq_by_chapter.csv', 'characters.csv', 'cloud_generation.log', 'complexity_metrics.json', 'cooccurrence_edges.csv', 'hapax.csv', 'processed/test_book_normalized.txt', 'processed/test_book_sentences.jsonl', 'punctuation_counts.csv']
2026-05-12T10:47:02Z books endpoint: count=6 sample=['test_book', 'tolstoj_lew_nikolaewich-text_1', 'tolstoj_lew_nikolaewich-text_2', 'tolstoj_lew_nikolaewich-text_3', 'tolstoj_lew_nikolaewich-text_4', 'чехов-письмо']
2026-05-12T10:47:02Z list_files: book=test_book files_count=16 sample=['chapters_summary.json', 'character_freq_by_chapter.csv', 'characters.csv', 'cloud_generation.log', 'complexity_metrics.json', 'cooccurrence_edges.csv', 'hapax.csv', 'processed/test_book_normalized.txt', 'processed/test_book_sentences.jsonl', 'punctuation_counts.csv']
2026-05-12T10:47:42Z books endpoint: count=6 sample=['test_book', 'tolstoj_lew_nikolaewich-text_1', 'tolstoj_lew_nikolaewich-text_2', 'tolstoj_lew_nikolaewich-text_3', 'tolstoj_lew_nikolaewich-text_4', 'чехов-письмо']
2026-05-12T10:47:42Z list_files: book=test_book files_count=16 sample=['chapters_summary.json', 'character_freq_by_chapter.csv', 'characters.csv', 'cloud_generation.log', 'complexity_metrics.json', 'cooccurrence_edges.csv', 'hapax.csv', 'processed/test_book_normalized.txt', 'processed/test_book_sentences.jsonl', 'punctuation_counts.csv']
2026-05-12T10:48:35Z books endpoint: count=6 sample=['test_book', 'tolstoj_lew_nikolaewich-text_1', 'tolstoj_lew_nikolaewich-text_2', 'tolstoj_lew_nikolaewich-text_3', 'tolstoj_lew_nikolaewich-text_4', 'чехов-письмо']
2026-05-12T10:48:36Z list_files: book=test_book files_count=16 sample=['chapters_summary.json', 'character_freq_by_chapter.csv', 'characters.csv', 'cloud_generation.log', 'complexity_metrics.json', 'cooccurrence_edges.csv', 'hapax.csv', 'processed/test_book_normalized.txt', 'processed/test_book_sentences.jsonl', 'punctuation_counts.csv']
2026-05-12T10:49:35Z books endpoint: count=6 sample=['test_book', 'tolstoj_lew_nikolaewich-text_1', 'tolstoj_lew_nikolaewich-text_2', 'tolstoj_lew_nikolaewich-text_3', 'tolstoj_lew_nikolaewich-text_4', 'чехов-письмо']
2026-05-12T10:49:35Z list_files: book=test_book files_count=16 sample=['chapters_summary.json', 'character_freq_by_chapter.csv', 'characters.csv', 'cloud_generation.log', 'complexity_metrics.json', 'cooccurrence_edges.csv', 'hapax.csv', 'processed/test_book_normalized.txt', 'processed/test_book_sentences.jsonl', 'punctuation_counts.csv']
2026-05-12T10:51:21Z books endpoint: count=6 sample=['test_book', 'tolstoj_lew_nikolaewich-text_1', 'tolstoj_lew_nikolaewich-text_2', 'tolstoj_lew_nikolaewich-text_3', 'tolstoj_lew_nikolaewich-text_4', 'чехов-письмо']
2026-05-12T10:51:21Z list_files: book=test_book files_count=16 sample=['chapters_summary.json', 'character_freq_by_chapter.csv', 'characters.csv', 'cloud_generation.log', 'complexity_metrics.json', 'cooccurrence_edges.csv', 'hapax.csv', 'processed/test_book_normalized.txt', 'processed/test_book_sentences.jsonl', 'punctuation_counts.csv']
2026-05-12T10:57:54Z books endpoint: count=6 sample=['test_book', 'tolstoj_lew_nikolaewich-text_1', 'tolstoj_lew_nikolaewich-text_2', 'tolstoj_lew_nikolaewich-text_3', 'tolstoj_lew_nikolaewich-text_4', 'чехов-письмо']
2026-05-12T10:57:54Z list_files: book=test_book files_count=16 sample=['chapters_summary.json', 'character_freq_by_chapter.csv', 'characters.csv', 'cloud_generation.log', 'complexity_metrics.json', 'cooccurrence_edges.csv', 'hapax.csv', 'processed/test_book_normalized.txt', 'processed/test_book_sentences.jsonl', 'punctuation_counts.csv']
2026-05-12T11:03:43Z books endpoint: count=6 sample=['test_book', 'tolstoj_lew_nikolaewich-text_1', 'tolstoj_lew_nikolaewich-text_2', 'tolstoj_lew_nikolaewich-text_3', 'tolstoj_lew_nikolaewich-text_4', 'чехов-письмо']
2026-05-12T11:03:44Z list_files: book=test_book files_count=16 sample=['chapters_summary.json', 'character_freq_by_chapter.csv', 'characters.csv', 'cloud_generation.log', 'complexity_metrics.json', 'cooccurrence_edges.csv', 'hapax.csv', 'processed/test_book_normalized.txt', 'processed/test_book_sentences.jsonl', 'punctuation_counts.csv']
2026-05-12T11:03:48Z books endpoint: count=6 sample=['test_book', 'tolstoj_lew_nikolaewich-text_1', 'tolstoj_lew_nikolaewich-text_2', 'tolstoj_lew_nikolaewich-text_3', 'tolstoj_lew_nikolaewich-text_4', 'чехов-письмо']
2026-05-12T11:03:49Z list_files: book=test_book files_count=16 sample=['chapters_summary.json', 'character_freq_by_chapter.csv', 'characters.csv', 'cloud_generation.log', 'complexity_metrics.json', 'cooccurrence_edges.csv', 'hapax.csv', 'processed/test_book_normalized.txt', 'processed/test_book_sentences.jsonl', 'punctuation_counts.csv']
2026-05-12T11:03:50Z list_files: book=test_book files_count=16 sample=['chapters_summary.json', 'character_freq_by_chapter.csv', 'characters.csv', 'cloud_generation.log', 'complexity_metrics.json', 'cooccurrence_edges.csv', 'hapax.csv', 'processed/test_book_normalized.txt', 'processed/test_book_sentences.jsonl', 'punctuation_counts.csv']
2026-05-12T11:03:50Z file_parsed: serving /home/az/Code/bukivedenie/outputs/test_book/tokens.csv
2026-05-12T11:03:50Z list_files: book=test_book files_count=16 sample=['chapters_summary.json', 'character_freq_by_chapter.csv', 'characters.csv', 'cloud_generation.log', 'complexity_metrics.json', 'cooccurrence_edges.csv', 'hapax.csv', 'processed/test_book_normalized.txt', 'processed/test_book_sentences.jsonl', 'punctuation_counts.csv']
2026-05-12T11:03:50Z file_parsed: serving /home/az/Code/bukivedenie/outputs/test_book/tokens.csv
2026-05-12T11:04:20Z list_files: book=test_book files_count=16 sample=['chapters_summary.json', 'character_freq_by_chapter.csv', 'characters.csv', 'cloud_generation.log', 'complexity_metrics.json', 'cooccurrence_edges.csv', 'hapax.csv', 'processed/test_book_normalized.txt', 'processed/test_book_sentences.jsonl', 'punctuation_counts.csv']
2026-05-12T11:04:20Z file_parsed: serving /home/az/Code/bukivedenie/outputs/test_book/cooccurrence_edges.csv
2026-05-12T11:04:21Z list_files: book=test_book files_count=16 sample=['chapters_summary.json', 'character_freq_by_chapter.csv', 'characters.csv', 'cloud_generation.log', 'complexity_metrics.json', 'cooccurrence_edges.csv', 'hapax.csv', 'processed/test_book_normalized.txt', 'processed/test_book_sentences.jsonl', 'punctuation_counts.csv']
2026-05-12T11:04:21Z file_parsed: serving /home/az/Code/bukivedenie/outputs/test_book/sentiment_by_chapter.csv
2026-05-12T11:04:21Z list_files: book=test_book files_count=16 sample=['chapters_summary.json', 'character_freq_by_chapter.csv', 'characters.csv', 'cloud_generation.log', 'complexity_metrics.json', 'cooccurrence_edges.csv', 'hapax.csv', 'processed/test_book_normalized.txt', 'processed/test_book_sentences.jsonl', 'punctuation_counts.csv']
2026-05-12T11:04:21Z file_parsed: serving /home/az/Code/bukivedenie/outputs/test_book/tokens.csv
2026-05-12T11:04:21Z token_by_chapter: book=test_book token=иван
2026-05-12T11:04:21Z token_by_chapter: parsed_type=<class 'dict'> parsed_len=1 sample_parsed={'chapters': [{'chapter_idx': 0, 'title': 'Глава 1', 'start_offset': 0, 'end_offset': 318, 'total_chars': 318, 'total_paragraphs': 4, 'total_sentences': 13, 'total_words': 51, 'dialog_sentences': 4, '
2026-05-12T11:04:21Z token_by_chapter: using sentences file /home/az/Code/bukivedenie/outputs/processed/test_book_sentences.jsonl
2026-05-12T11:04:21Z token_by_chapter: bins=[{'idx': 0, 'start': 0, 'end': 318, 'title': 'Глава 1', 'count': 0}, {'idx': 1, 'start': 318, 'end': 828, 'title': 'Глава 2', 'count': 0}, {'idx': 2, 'start': 828, 'end': 1198, 'title': 'Глава 3', 'count': 0}]
2026-05-12T11:04:21Z token_by_chapter: book=test_book token=и
2026-05-12T11:04:21Z token_by_chapter: parsed_type=<class 'dict'> parsed_len=1 sample_parsed={'chapters': [{'chapter_idx': 0, 'title': 'Глава 1', 'start_offset': 0, 'end_offset': 318, 'total_chars': 318, 'total_paragraphs': 4, 'total_sentences': 13, 'total_words': 51, 'dialog_sentences': 4, '
2026-05-12T11:04:21Z token_by_chapter: using sentences file /home/az/Code/bukivedenie/outputs/processed/test_book_sentences.jsonl
2026-05-12T11:04:21Z token_by_chapter: bins=[{'idx': 0, 'start': 0, 'end': 318, 'title': 'Глава 1', 'count': 0}, {'idx': 1, 'start': 318, 'end': 828, 'title': 'Глава 2', 'count': 0}, {'idx': 2, 'start': 828, 'end': 1198, 'title': 'Глава 3', 'count': 0}]
2026-05-12T11:04:21Z token_by_chapter: book=test_book token=в
2026-05-12T11:04:21Z token_by_chapter: parsed_type=<class 'dict'> parsed_len=1 sample_parsed={'chapters': [{'chapter_idx': 0, 'title': 'Глава 1', 'start_offset': 0, 'end_offset': 318, 'total_chars': 318, 'total_paragraphs': 4, 'total_sentences': 13, 'total_words': 51, 'dialog_sentences': 4, '
2026-05-12T11:04:21Z token_by_chapter: using sentences file /home/az/Code/bukivedenie/outputs/processed/test_book_sentences.jsonl
2026-05-12T11:04:21Z token_by_chapter: bins=[{'idx': 0, 'start': 0, 'end': 318, 'title': 'Глава 1', 'count': 0}, {'idx': 1, 'start': 318, 'end': 828, 'title': 'Глава 2', 'count': 0}, {'idx': 2, 'start': 828, 'end': 1198, 'title': 'Глава 3', 'count': 0}]
2026-05-12T11:04:21Z token_by_chapter: book=test_book token=о
2026-05-12T11:04:21Z token_by_chapter: parsed_type=<class 'dict'> parsed_len=1 sample_parsed={'chapters': [{'chapter_idx': 0, 'title': 'Глава 1', 'start_offset': 0, 'end_offset': 318, 'total_chars': 318, 'total_paragraphs': 4, 'total_sentences': 13, 'total_words': 51, 'dialog_sentences': 4, '
2026-05-12T11:04:21Z token_by_chapter: using sentences file /home/az/Code/bukivedenie/outputs/processed/test_book_sentences.jsonl
2026-05-12T11:04:21Z token_by_chapter: bins=[{'idx': 0, 'start': 0, 'end': 318, 'title': 'Глава 1', 'count': 0}, {'idx': 1, 'start': 318, 'end': 828, 'title': 'Глава 2', 'count': 0}, {'idx': 2, 'start': 828, 'end': 1198, 'title': 'Глава 3', 'count': 0}]
2026-05-12T11:04:21Z token_by_chapter: book=test_book token=они
2026-05-12T11:04:21Z token_by_chapter: parsed_type=<class 'dict'> parsed_len=1 sample_parsed={'chapters': [{'chapter_idx': 0, 'title': 'Глава 1', 'start_offset': 0, 'end_offset': 318, 'total_chars': 318, 'total_paragraphs': 4, 'total_sentences': 13, 'total_words': 51, 'dialog_sentences': 4, '
2026-05-12T11:04:21Z token_by_chapter: using sentences file /home/az/Code/bukivedenie/outputs/processed/test_book_sentences.jsonl
2026-05-12T11:04:21Z token_by_chapter: bins=[{'idx': 0, 'start': 0, 'end': 318, 'title': 'Глава 1', 'count': 0}, {'idx': 1, 'start': 318, 'end': 828, 'title': 'Глава 2', 'count': 0}, {'idx': 2, 'start': 828, 'end': 1198, 'title': 'Глава 3', 'count': 0}]
2026-05-12T11:04:21Z token_by_chapter: book=test_book token=анна
2026-05-12T11:04:21Z token_by_chapter: parsed_type=<class 'dict'> parsed_len=1 sample_parsed={'chapters': [{'chapter_idx': 0, 'title': 'Глава 1', 'start_offset': 0, 'end_offset': 318, 'total_chars': 318, 'total_paragraphs': 4, 'total_sentences': 13, 'total_words': 51, 'dialog_sentences': 4, '
2026-05-12T11:04:21Z token_by_chapter: using sentences file /home/az/Code/bukivedenie/outputs/processed/test_book_sentences.jsonl
2026-05-12T11:04:21Z token_by_chapter: bins=[{'idx': 0, 'start': 0, 'end': 318, 'title': 'Глава 1', 'count': 0}, {'idx': 1, 'start': 318, 'end': 828, 'title': 'Глава 2', 'count': 0}, {'idx': 2, 'start': 828, 'end': 1198, 'title': 'Глава 3', 'count': 0}]
2026-05-12T11:04:21Z token_by_chapter: book=test_book token=глава
2026-05-12T11:04:21Z token_by_chapter: parsed_type=<class 'dict'> parsed_len=1 sample_parsed={'chapters': [{'chapter_idx': 0, 'title': 'Глава 1', 'start_offset': 0, 'end_offset': 318, 'total_chars': 318, 'total_paragraphs': 4, 'total_sentences': 13, 'total_words': 51, 'dialog_sentences': 4, '
2026-05-12T11:04:21Z token_by_chapter: using sentences file /home/az/Code/bukivedenie/outputs/processed/test_book_sentences.jsonl
2026-05-12T11:04:21Z token_by_chapter: bins=[{'idx': 0, 'start': 0, 'end': 318, 'title': 'Глава 1', 'count': 0}, {'idx': 1, 'start': 318, 'end': 828, 'title': 'Глава 2', 'count': 0}, {'idx': 2, 'start': 828, 'end': 1198, 'title': 'Глава 3', 'count': 0}]
2026-05-12T11:04:21Z token_by_chapter: book=test_book token=это
2026-05-12T11:04:21Z token_by_chapter: parsed_type=<class 'dict'> parsed_len=1 sample_parsed={'chapters': [{'chapter_idx': 0, 'title': 'Глава 1', 'start_offset': 0, 'end_offset': 318, 'total_chars': 318, 'total_paragraphs': 4, 'total_sentences': 13, 'total_words': 51, 'dialog_sentences': 4, '
2026-05-12T11:04:21Z token_by_chapter: using sentences file /home/az/Code/bukivedenie/outputs/processed/test_book_sentences.jsonl
2026-05-12T11:04:21Z token_by_chapter: bins=[{'idx': 0, 'start': 0, 'end': 318, 'title': 'Глава 1', 'count': 0}, {'idx': 1, 'start': 318, 'end': 828, 'title': 'Глава 2', 'count': 0}, {'idx': 2, 'start': 828, 'end': 1198, 'title': 'Глава 3', 'count': 0}]
2026-05-12T11:04:21Z token_by_chapter: book=test_book token=был
2026-05-12T11:04:21Z token_by_chapter: parsed_type=<class 'dict'> parsed_len=1 sample_parsed={'chapters': [{'chapter_idx': 0, 'title': 'Глава 1', 'start_offset': 0, 'end_offset': 318, 'total_chars': 318, 'total_paragraphs': 4, 'total_sentences': 13, 'total_words': 51, 'dialog_sentences': 4, '
2026-05-12T11:04:21Z token_by_chapter: using sentences file /home/az/Code/bukivedenie/outputs/processed/test_book_sentences.jsonl
2026-05-12T11:04:21Z token_by_chapter: bins=[{'idx': 0, 'start': 0, 'end': 318, 'title': 'Глава 1', 'count': 0}, {'idx': 1, 'start': 318, 'end': 828, 'title': 'Глава 2', 'count': 0}, {'idx': 2, 'start': 828, 'end': 1198, 'title': 'Глава 3', 'count': 0}]
2026-05-12T11:04:21Z token_by_chapter: book=test_book token=по
2026-05-12T11:04:21Z token_by_chapter: parsed_type=<class 'dict'> parsed_len=1 sample_parsed={'chapters': [{'chapter_idx': 0, 'title': 'Глава 1', 'start_offset': 0, 'end_offset': 318, 'total_chars': 318, 'total_paragraphs': 4, 'total_sentences': 13, 'total_words': 51, 'dialog_sentences': 4, '
2026-05-12T11:04:21Z token_by_chapter: using sentences file /home/az/Code/bukivedenie/outputs/processed/test_book_sentences.jsonl
2026-05-12T11:04:21Z token_by_chapter: bins=[{'idx': 0, 'start': 0, 'end': 318, 'title': 'Глава 1', 'count': 0}, {'idx': 1, 'start': 318, 'end': 828, 'title': 'Глава 2', 'count': 0}, {'idx': 2, 'start': 828, 'end': 1198, 'title': 'Глава 3', 'count': 0}]
2026-05-12T11:04:21Z token_by_chapter: book=test_book token=петр
2026-05-12T11:04:21Z token_by_chapter: parsed_type=<class 'dict'> parsed_len=1 sample_parsed={'chapters': [{'chapter_idx': 0, 'title': 'Глава 1', 'start_offset': 0, 'end_offset': 318, 'total_chars': 318, 'total_paragraphs': 4, 'total_sentences': 13, 'total_words': 51, 'dialog_sentences': 4, '
2026-05-12T11:04:21Z token_by_chapter: using sentences file /home/az/Code/bukivedenie/outputs/processed/test_book_sentences.jsonl
2026-05-12T11:04:21Z token_by_chapter: bins=[{'idx': 0, 'start': 0, 'end': 318, 'title': 'Глава 1', 'count': 0}, {'idx': 1, 'start': 318, 'end': 828, 'title': 'Глава 2', 'count': 0}, {'idx': 2, 'start': 828, 'end': 1198, 'title': 'Глава 3', 'count': 0}]
2026-05-12T11:04:21Z token_by_chapter: book=test_book token=на
2026-05-12T11:04:21Z token_by_chapter: parsed_type=<class 'dict'> parsed_len=1 sample_parsed={'chapters': [{'chapter_idx': 0, 'title': 'Глава 1', 'start_offset': 0, 'end_offset': 318, 'total_chars': 318, 'total_paragraphs': 4, 'total_sentences': 13, 'total_words': 51, 'dialog_sentences': 4, '
2026-05-12T11:04:21Z token_by_chapter: using sentences file /home/az/Code/bukivedenie/outputs/processed/test_book_sentences.jsonl
2026-05-12T11:04:21Z token_by_chapter: bins=[{'idx': 0, 'start': 0, 'end': 318, 'title': 'Глава 1', 'count': 0}, {'idx': 1, 'start': 318, 'end': 828, 'title': 'Глава 2', 'count': 0}, {'idx': 2, 'start': 828, 'end': 1198, 'title': 'Глава 3', 'count': 0}]
2026-05-12T11:04:21Z token_by_chapter: book=test_book token=ты
2026-05-12T11:04:21Z token_by_chapter: parsed_type=<class 'dict'> parsed_len=1 sample_parsed={'chapters': [{'chapter_idx': 0, 'title': 'Глава 1', 'start_offset': 0, 'end_offset': 318, 'total_chars': 318, 'total_paragraphs': 4, 'total_sentences': 13, 'total_words': 51, 'dialog_sentences': 4, '
2026-05-12T11:04:21Z token_by_chapter: using sentences file /home/az/Code/bukivedenie/outputs/processed/test_book_sentences.jsonl
2026-05-12T11:04:21Z token_by_chapter: bins=[{'idx': 0, 'start': 0, 'end': 318, 'title': 'Глава 1', 'count': 0}, {'idx': 1, 'start': 318, 'end': 828, 'title': 'Глава 2', 'count': 0}, {'idx': 2, 'start': 828, 'end': 1198, 'title': 'Глава 3', 'count': 0}]
2026-05-12T11:04:21Z token_by_chapter: book=test_book token=день
2026-05-12T11:04:21Z token_by_chapter: parsed_type=<class 'dict'> parsed_len=1 sample_parsed={'chapters': [{'chapter_idx': 0, 'title': 'Глава 1', 'start_offset': 0, 'end_offset': 318, 'total_chars': 318, 'total_paragraphs': 4, 'total_sentences': 13, 'total_words': 51, 'dialog_sentences': 4, '
2026-05-12T11:04:21Z token_by_chapter: using sentences file /home/az/Code/bukivedenie/outputs/processed/test_book_sentences.jsonl
2026-05-12T11:04:21Z token_by_chapter: bins=[{'idx': 0, 'start': 0, 'end': 318, 'title': 'Глава 1', 'count': 0}, {'idx': 1, 'start': 318, 'end': 828, 'title': 'Глава 2', 'count': 0}, {'idx': 2, 'start': 828, 'end': 1198, 'title': 'Глава 3', 'count': 0}]
2026-05-12T11:04:21Z token_by_chapter: book=test_book token=с
2026-05-12T11:04:21Z token_by_chapter: parsed_type=<class 'dict'> parsed_len=1 sample_parsed={'chapters': [{'chapter_idx': 0, 'title': 'Глава 1', 'start_offset': 0, 'end_offset': 318, 'total_chars': 318, 'total_paragraphs': 4, 'total_sentences': 13, 'total_words': 51, 'dialog_sentences': 4, '
2026-05-12T11:04:21Z token_by_chapter: using sentences file /home/az/Code/bukivedenie/outputs/processed/test_book_sentences.jsonl
2026-05-12T11:04:21Z token_by_chapter: bins=[{'idx': 0, 'start': 0, 'end': 318, 'title': 'Глава 1', 'count': 0}, {'idx': 1, 'start': 318, 'end': 828, 'title': 'Глава 2', 'count': 0}, {'idx': 2, 'start': 828, 'end': 1198, 'title': 'Глава 3', 'count': 0}]
2026-05-12T11:04:21Z list_files: book=test_book files_count=16 sample=['chapters_summary.json', 'character_freq_by_chapter.csv', 'characters.csv', 'cloud_generation.log', 'complexity_metrics.json', 'cooccurrence_edges.csv', 'hapax.csv', 'processed/test_book_normalized.txt', 'processed/test_book_sentences.jsonl', 'punctuation_counts.csv']
2026-05-12T11:04:22Z file_parsed: serving /home/az/Code/bukivedenie/outputs/test_book/chapters_summary.json
2026-05-12T11:04:57Z books endpoint: count=6 sample=['test_book', 'tolstoj_lew_nikolaewich-text_1', 'tolstoj_lew_nikolaewich-text_2', 'tolstoj_lew_nikolaewich-text_3', 'tolstoj_lew_nikolaewich-text_4', 'чехов-письмо']
2026-05-12T11:04:57Z list_files: book=test_book files_count=16 sample=['chapters_summary.json', 'character_freq_by_chapter.csv', 'characters.csv', 'cloud_generation.log', 'complexity_metrics.json', 'cooccurrence_edges.csv', 'hapax.csv', 'processed/test_book_normalized.txt', 'processed/test_book_sentences.jsonl', 'punctuation_counts.csv']
2026-05-12T11:05:02Z books endpoint: count=6 sample=['test_book', 'tolstoj_lew_nikolaewich-text_1', 'tolstoj_lew_nikolaewich-text_2', 'tolstoj_lew_nikolaewich-text_3', 'tolstoj_lew_nikolaewich-text_4', 'чехов-письмо']
2026-05-12T11:05:04Z list_files: book=test_book files_count=16 sample=['chapters_summary.json', 'character_freq_by_chapter.csv', 'characters.csv', 'cloud_generation.log', 'complexity_metrics.json', 'cooccurrence_edges.csv', 'hapax.csv', 'processed/test_book_normalized.txt', 'processed/test_book_sentences.jsonl', 'punctuation_counts.csv']
2026-05-12T11:05:04Z list_files: book=test_book files_count=16 sample=['chapters_summary.json', 'character_freq_by_chapter.csv', 'characters.csv', 'cloud_generation.log', 'complexity_metrics.json', 'cooccurrence_edges.csv', 'hapax.csv', 'processed/test_book_normalized.txt', 'processed/test_book_sentences.jsonl', 'punctuation_counts.csv']
2026-05-12T11:05:04Z file_parsed: serving /home/az/Code/bukivedenie/outputs/test_book/tokens.csv
2026-05-12T11:05:04Z list_files: book=test_book files_count=16 sample=['chapters_summary.json', 'character_freq_by_chapter.csv', 'characters.csv', 'cloud_generation.log', 'complexity_metrics.json', 'cooccurrence_edges.csv', 'hapax.csv', 'processed/test_book_normalized.txt', 'processed/test_book_sentences.jsonl', 'punctuation_counts.csv']
2026-05-12T11:05:04Z file_parsed: serving /home/az/Code/bukivedenie/outputs/test_book/tokens.csv
2026-05-12T11:05:35Z list_files: book=test_book files_count=16 sample=['chapters_summary.json', 'character_freq_by_chapter.csv', 'characters.csv', 'cloud_generation.log', 'complexity_metrics.json', 'cooccurrence_edges.csv', 'hapax.csv', 'processed/test_book_normalized.txt', 'processed/test_book_sentences.jsonl', 'punctuation_counts.csv']
2026-05-12T11:05:35Z file_parsed: serving /home/az/Code/bukivedenie/outputs/test_book/cooccurrence_edges.csv
2026-05-12T11:05:35Z list_files: book=test_book files_count=16 sample=['chapters_summary.json', 'character_freq_by_chapter.csv', 'characters.csv', 'cloud_generation.log', 'complexity_metrics.json', 'cooccurrence_edges.csv', 'hapax.csv', 'processed/test_book_normalized.txt', 'processed/test_book_sentences.jsonl', 'punctuation_counts.csv']
2026-05-12T11:05:35Z file_parsed: serving /home/az/Code/bukivedenie/outputs/test_book/sentiment_by_chapter.csv
2026-05-12T11:05:35Z list_files: book=test_book files_count=16 sample=['chapters_summary.json', 'character_freq_by_chapter.csv', 'characters.csv', 'cloud_generation.log', 'complexity_metrics.json', 'cooccurrence_edges.csv', 'hapax.csv', 'processed/test_book_normalized.txt', 'processed/test_book_sentences.jsonl', 'punctuation_counts.csv']
2026-05-12T11:05:35Z file_parsed: serving /home/az/Code/bukivedenie/outputs/test_book/tokens.csv
2026-05-12T11:05:35Z token_by_chapter: book=test_book token=иван
2026-05-12T11:05:35Z token_by_chapter: parsed_type=<class 'dict'> parsed_len=1 sample_parsed={'chapters': [{'chapter_idx': 0, 'title': 'Глава 1', 'start_offset': 0, 'end_offset': 318, 'total_chars': 318, 'total_paragraphs': 4, 'total_sentences': 13, 'total_words': 51, 'dialog_sentences': 4, '
2026-05-12T11:05:35Z token_by_chapter: using sentences file /home/az/Code/bukivedenie/outputs/processed/test_book_sentences.jsonl
2026-05-12T11:05:35Z token_by_chapter: bins=[{'idx': 0, 'start': 0, 'end': 318, 'title': 'Глава 1', 'count': 0}, {'idx': 1, 'start': 318, 'end': 828, 'title': 'Глава 2', 'count': 0}, {'idx': 2, 'start': 828, 'end': 1198, 'title': 'Глава 3', 'count': 0}]
2026-05-12T11:05:35Z token_by_chapter: book=test_book token=и
2026-05-12T11:05:35Z token_by_chapter: parsed_type=<class 'dict'> parsed_len=1 sample_parsed={'chapters': [{'chapter_idx': 0, 'title': 'Глава 1', 'start_offset': 0, 'end_offset': 318, 'total_chars': 318, 'total_paragraphs': 4, 'total_sentences': 13, 'total_words': 51, 'dialog_sentences': 4, '
2026-05-12T11:05:35Z token_by_chapter: using sentences file /home/az/Code/bukivedenie/outputs/processed/test_book_sentences.jsonl
2026-05-12T11:05:35Z token_by_chapter: bins=[{'idx': 0, 'start': 0, 'end': 318, 'title': 'Глава 1', 'count': 0}, {'idx': 1, 'start': 318, 'end': 828, 'title': 'Глава 2', 'count': 0}, {'idx': 2, 'start': 828, 'end': 1198, 'title': 'Глава 3', 'count': 0}]
2026-05-12T11:05:35Z token_by_chapter: book=test_book token=в
2026-05-12T11:05:35Z token_by_chapter: parsed_type=<class 'dict'> parsed_len=1 sample_parsed={'chapters': [{'chapter_idx': 0, 'title': 'Глава 1', 'start_offset': 0, 'end_offset': 318, 'total_chars': 318, 'total_paragraphs': 4, 'total_sentences': 13, 'total_words': 51, 'dialog_sentences': 4, '
2026-05-12T11:05:35Z token_by_chapter: using sentences file /home/az/Code/bukivedenie/outputs/processed/test_book_sentences.jsonl
2026-05-12T11:05:35Z token_by_chapter: bins=[{'idx': 0, 'start': 0, 'end': 318, 'title': 'Глава 1', 'count': 0}, {'idx': 1, 'start': 318, 'end': 828, 'title': 'Глава 2', 'count': 0}, {'idx': 2, 'start': 828, 'end': 1198, 'title': 'Глава 3', 'count': 0}]
2026-05-12T11:05:35Z token_by_chapter: book=test_book token=о
2026-05-12T11:05:35Z token_by_chapter: parsed_type=<class 'dict'> parsed_len=1 sample_parsed={'chapters': [{'chapter_idx': 0, 'title': 'Глава 1', 'start_offset': 0, 'end_offset': 318, 'total_chars': 318, 'total_paragraphs': 4, 'total_sentences': 13, 'total_words': 51, 'dialog_sentences': 4, '
2026-05-12T11:05:35Z token_by_chapter: using sentences file /home/az/Code/bukivedenie/outputs/processed/test_book_sentences.jsonl
2026-05-12T11:05:35Z token_by_chapter: bins=[{'idx': 0, 'start': 0, 'end': 318, 'title': 'Глава 1', 'count': 0}, {'idx': 1, 'start': 318, 'end': 828, 'title': 'Глава 2', 'count': 0}, {'idx': 2, 'start': 828, 'end': 1198, 'title': 'Глава 3', 'count': 0}]
2026-05-12T11:05:36Z token_by_chapter: book=test_book token=они
2026-05-12T11:05:36Z token_by_chapter: parsed_type=<class 'dict'> parsed_len=1 sample_parsed={'chapters': [{'chapter_idx': 0, 'title': 'Глава 1', 'start_offset': 0, 'end_offset': 318, 'total_chars': 318, 'total_paragraphs': 4, 'total_sentences': 13, 'total_words': 51, 'dialog_sentences': 4, '
2026-05-12T11:05:36Z token_by_chapter: using sentences file /home/az/Code/bukivedenie/outputs/processed/test_book_sentences.jsonl
2026-05-12T11:05:36Z token_by_chapter: bins=[{'idx': 0, 'start': 0, 'end': 318, 'title': 'Глава 1', 'count': 0}, {'idx': 1, 'start': 318, 'end': 828, 'title': 'Глава 2', 'count': 0}, {'idx': 2, 'start': 828, 'end': 1198, 'title': 'Глава 3', 'count': 0}]
2026-05-12T11:05:36Z token_by_chapter: book=test_book token=анна
2026-05-12T11:05:36Z token_by_chapter: parsed_type=<class 'dict'> parsed_len=1 sample_parsed={'chapters': [{'chapter_idx': 0, 'title': 'Глава 1', 'start_offset': 0, 'end_offset': 318, 'total_chars': 318, 'total_paragraphs': 4, 'total_sentences': 13, 'total_words': 51, 'dialog_sentences': 4, '
2026-05-12T11:05:36Z token_by_chapter: using sentences file /home/az/Code/bukivedenie/outputs/processed/test_book_sentences.jsonl
2026-05-12T11:05:36Z token_by_chapter: bins=[{'idx': 0, 'start': 0, 'end': 318, 'title': 'Глава 1', 'count': 0}, {'idx': 1, 'start': 318, 'end': 828, 'title': 'Глава 2', 'count': 0}, {'idx': 2, 'start': 828, 'end': 1198, 'title': 'Глава 3', 'count': 0}]
2026-05-12T11:05:36Z token_by_chapter: book=test_book token=глава
2026-05-12T11:05:36Z token_by_chapter: parsed_type=<class 'dict'> parsed_len=1 sample_parsed={'chapters': [{'chapter_idx': 0, 'title': 'Глава 1', 'start_offset': 0, 'end_offset': 318, 'total_chars': 318, 'total_paragraphs': 4, 'total_sentences': 13, 'total_words': 51, 'dialog_sentences': 4, '
2026-05-12T11:05:36Z token_by_chapter: using sentences file /home/az/Code/bukivedenie/outputs/processed/test_book_sentences.jsonl
2026-05-12T11:05:36Z token_by_chapter: bins=[{'idx': 0, 'start': 0, 'end': 318, 'title': 'Глава 1', 'count': 0}, {'idx': 1, 'start': 318, 'end': 828, 'title': 'Глава 2', 'count': 0}, {'idx': 2, 'start': 828, 'end': 1198, 'title': 'Глава 3', 'count': 0}]
2026-05-12T11:05:36Z token_by_chapter: book=test_book token=это
2026-05-12T11:05:36Z token_by_chapter: parsed_type=<class 'dict'> parsed_len=1 sample_parsed={'chapters': [{'chapter_idx': 0, 'title': 'Глава 1', 'start_offset': 0, 'end_offset': 318, 'total_chars': 318, 'total_paragraphs': 4, 'total_sentences': 13, 'total_words': 51, 'dialog_sentences': 4, '
2026-05-12T11:05:36Z token_by_chapter: using sentences file /home/az/Code/bukivedenie/outputs/processed/test_book_sentences.jsonl
2026-05-12T11:05:36Z token_by_chapter: bins=[{'idx': 0, 'start': 0, 'end': 318, 'title': 'Глава 1', 'count': 0}, {'idx': 1, 'start': 318, 'end': 828, 'title': 'Глава 2', 'count': 0}, {'idx': 2, 'start': 828, 'end': 1198, 'title': 'Глава 3', 'count': 0}]
2026-05-12T11:05:36Z token_by_chapter: book=test_book token=был
2026-05-12T11:05:36Z token_by_chapter: parsed_type=<class 'dict'> parsed_len=1 sample_parsed={'chapters': [{'chapter_idx': 0, 'title': 'Глава 1', 'start_offset': 0, 'end_offset': 318, 'total_chars': 318, 'total_paragraphs': 4, 'total_sentences': 13, 'total_words': 51, 'dialog_sentences': 4, '
2026-05-12T11:05:36Z token_by_chapter: using sentences file /home/az/Code/bukivedenie/outputs/processed/test_book_sentences.jsonl
2026-05-12T11:05:36Z token_by_chapter: bins=[{'idx': 0, 'start': 0, 'end': 318, 'title': 'Глава 1', 'count': 0}, {'idx': 1, 'start': 318, 'end': 828, 'title': 'Глава 2', 'count': 0}, {'idx': 2, 'start': 828, 'end': 1198, 'title': 'Глава 3', 'count': 0}]
2026-05-12T11:05:36Z token_by_chapter: book=test_book token=по
2026-05-12T11:05:36Z token_by_chapter: parsed_type=<class 'dict'> parsed_len=1 sample_parsed={'chapters': [{'chapter_idx': 0, 'title': 'Глава 1', 'start_offset': 0, 'end_offset': 318, 'total_chars': 318, 'total_paragraphs': 4, 'total_sentences': 13, 'total_words': 51, 'dialog_sentences': 4, '
2026-05-12T11:05:36Z token_by_chapter: using sentences file /home/az/Code/bukivedenie/outputs/processed/test_book_sentences.jsonl
2026-05-12T11:05:36Z token_by_chapter: bins=[{'idx': 0, 'start': 0, 'end': 318, 'title': 'Глава 1', 'count': 0}, {'idx': 1, 'start': 318, 'end': 828, 'title': 'Глава 2', 'count': 0}, {'idx': 2, 'start': 828, 'end': 1198, 'title': 'Глава 3', 'count': 0}]
2026-05-12T11:05:36Z token_by_chapter: book=test_book token=петр
2026-05-12T11:05:36Z token_by_chapter: parsed_type=<class 'dict'> parsed_len=1 sample_parsed={'chapters': [{'chapter_idx': 0, 'title': 'Глава 1', 'start_offset': 0, 'end_offset': 318, 'total_chars': 318, 'total_paragraphs': 4, 'total_sentences': 13, 'total_words': 51, 'dialog_sentences': 4, '
2026-05-12T11:05:36Z token_by_chapter: using sentences file /home/az/Code/bukivedenie/outputs/processed/test_book_sentences.jsonl
2026-05-12T11:05:36Z token_by_chapter: bins=[{'idx': 0, 'start': 0, 'end': 318, 'title': 'Глава 1', 'count': 0}, {'idx': 1, 'start': 318, 'end': 828, 'title': 'Глава 2', 'count': 0}, {'idx': 2, 'start': 828, 'end': 1198, 'title': 'Глава 3', 'count': 0}]
2026-05-12T11:05:36Z token_by_chapter: book=test_book token=на
2026-05-12T11:05:36Z token_by_chapter: parsed_type=<class 'dict'> parsed_len=1 sample_parsed={'chapters': [{'chapter_idx': 0, 'title': 'Глава 1', 'start_offset': 0, 'end_offset': 318, 'total_chars': 318, 'total_paragraphs': 4, 'total_sentences': 13, 'total_words': 51, 'dialog_sentences': 4, '
2026-05-12T11:05:36Z token_by_chapter: using sentences file /home/az/Code/bukivedenie/outputs/processed/test_book_sentences.jsonl
2026-05-12T11:05:36Z token_by_chapter: bins=[{'idx': 0, 'start': 0, 'end': 318, 'title': 'Глава 1', 'count': 0}, {'idx': 1, 'start': 318, 'end': 828, 'title': 'Глава 2', 'count': 0}, {'idx': 2, 'start': 828, 'end': 1198, 'title': 'Глава 3', 'count': 0}]
2026-05-12T11:05:36Z token_by_chapter: book=test_book token=ты
2026-05-12T11:05:36Z token_by_chapter: parsed_type=<class 'dict'> parsed_len=1 sample_parsed={'chapters': [{'chapter_idx': 0, 'title': 'Глава 1', 'start_offset': 0, 'end_offset': 318, 'total_chars': 318, 'total_paragraphs': 4, 'total_sentences': 13, 'total_words': 51, 'dialog_sentences': 4, '
2026-05-12T11:05:36Z token_by_chapter: using sentences file /home/az/Code/bukivedenie/outputs/processed/test_book_sentences.jsonl
2026-05-12T11:05:36Z token_by_chapter: bins=[{'idx': 0, 'start': 0, 'end': 318, 'title': 'Глава 1', 'count': 0}, {'idx': 1, 'start': 318, 'end': 828, 'title': 'Глава 2', 'count': 0}, {'idx': 2, 'start': 828, 'end': 1198, 'title': 'Глава 3', 'count': 0}]
2026-05-12T11:05:36Z token_by_chapter: book=test_book token=день
2026-05-12T11:05:36Z token_by_chapter: parsed_type=<class 'dict'> parsed_len=1 sample_parsed={'chapters': [{'chapter_idx': 0, 'title': 'Глава 1', 'start_offset': 0, 'end_offset': 318, 'total_chars': 318, 'total_paragraphs': 4, 'total_sentences': 13, 'total_words': 51, 'dialog_sentences': 4, '
2026-05-12T11:05:36Z token_by_chapter: using sentences file /home/az/Code/bukivedenie/outputs/processed/test_book_sentences.jsonl
2026-05-12T11:05:36Z token_by_chapter: bins=[{'idx': 0, 'start': 0, 'end': 318, 'title': 'Глава 1', 'count': 0}, {'idx': 1, 'start': 318, 'end': 828, 'title': 'Глава 2', 'count': 0}, {'idx': 2, 'start': 828, 'end': 1198, 'title': 'Глава 3', 'count': 0}]
2026-05-12T11:05:36Z token_by_chapter: book=test_book token=с
2026-05-12T11:05:36Z token_by_chapter: parsed_type=<class 'dict'> parsed_len=1 sample_parsed={'chapters': [{'chapter_idx': 0, 'title': 'Глава 1', 'start_offset': 0, 'end_offset': 318, 'total_chars': 318, 'total_paragraphs': 4, 'total_sentences': 13, 'total_words': 51, 'dialog_sentences': 4, '
2026-05-12T11:05:36Z token_by_chapter: using sentences file /home/az/Code/bukivedenie/outputs/processed/test_book_sentences.jsonl
2026-05-12T11:05:36Z token_by_chapter: bins=[{'idx': 0, 'start': 0, 'end': 318, 'title': 'Глава 1', 'count': 0}, {'idx': 1, 'start': 318, 'end': 828, 'title': 'Глава 2', 'count': 0}, {'idx': 2, 'start': 828, 'end': 1198, 'title': 'Глава 3', 'count': 0}]
2026-05-12T11:05:36Z list_files: book=test_book files_count=16 sample=['chapters_summary.json', 'character_freq_by_chapter.csv', 'characters.csv', 'cloud_generation.log', 'complexity_metrics.json', 'cooccurrence_edges.csv', 'hapax.csv', 'processed/test_book_normalized.txt', 'processed/test_book_sentences.jsonl', 'punctuation_counts.csv']
2026-05-12T11:05:36Z file_parsed: serving /home/az/Code/bukivedenie/outputs/test_book/chapters_summary.json
2026-05-12T11:10:48Z books endpoint: count=6 sample=['test_book', 'tolstoj_lew_nikolaewich-text_1', 'tolstoj_lew_nikolaewich-text_2', 'tolstoj_lew_nikolaewich-text_3', 'tolstoj_lew_nikolaewich-text_4', 'чехов-письмо']
2026-05-12T11:10:48Z list_files: book=test_book files_count=16 sample=['chapters_summary.json', 'character_freq_by_chapter.csv', 'characters.csv', 'cloud_generation.log', 'complexity_metrics.json', 'cooccurrence_edges.csv', 'hapax.csv', 'processed/test_book_normalized.txt', 'processed/test_book_sentences.jsonl', 'punctuation_counts.csv']
2026-05-12T11:11:41Z list_files: book=test_book?smoke=1 files_count=0 sample=[]
2026-05-12T11:11:41Z list_files: book=test_book files_count=16 sample=['chapters_summary.json', 'character_freq_by_chapter.csv', 'characters.csv', 'cloud_generation.log', 'complexity_metrics.json', 'cooccurrence_edges.csv', 'hapax.csv', 'processed/test_book_normalized.txt', 'processed/test_book_sentences.jsonl', 'punctuation_counts.csv']
2026-05-12T11:12:11Z list_files: book=test_book files_count=16 sample=['chapters_summary.json', 'character_freq_by_chapter.csv', 'characters.csv', 'cloud_generation.log', 'complexity_metrics.json', 'cooccurrence_edges.csv', 'hapax.csv', 'processed/test_book_normalized.txt', 'processed/test_book_sentences.jsonl', 'punctuation_counts.csv']
2026-05-12T11:12:42Z list_files: book=test_book files_count=16 sample=['chapters_summary.json', 'character_freq_by_chapter.csv', 'characters.csv', 'cloud_generation.log', 'complexity_metrics.json', 'cooccurrence_edges.csv', 'hapax.csv', 'processed/test_book_normalized.txt', 'processed/test_book_sentences.jsonl', 'punctuation_counts.csv']
2026-05-12T11:13:12Z list_files: book=test_book files_count=16 sample=['chapters_summary.json', 'character_freq_by_chapter.csv', 'characters.csv', 'cloud_generation.log', 'complexity_metrics.json', 'cooccurrence_edges.csv', 'hapax.csv', 'processed/test_book_normalized.txt', 'processed/test_book_sentences.jsonl', 'punctuation_counts.csv']
2026-05-12T11:13:42Z list_files: book=test_book files_count=16 sample=['chapters_summary.json', 'character_freq_by_chapter.csv', 'characters.csv', 'cloud_generation.log', 'complexity_metrics.json', 'cooccurrence_edges.csv', 'hapax.csv', 'processed/test_book_normalized.txt', 'processed/test_book_sentences.jsonl', 'punctuation_counts.csv']
2026-05-12T11:14:12Z list_files: book=test_book files_count=16 sample=['chapters_summary.json', 'character_freq_by_chapter.csv', 'characters.csv', 'cloud_generation.log', 'complexity_metrics.json', 'cooccurrence_edges.csv', 'hapax.csv', 'processed/test_book_normalized.txt', 'processed/test_book_sentences.jsonl', 'punctuation_counts.csv']
2026-05-12T11:14:43Z file_parsed: serving /home/az/Code/bukivedenie/outputs/test_book/chapters_summary.json?smoke=1
2026-05-12T11:14:43Z file_parsed: error [Errno 2] No such file or directory: '/home/az/Code/bukivedenie/outputs/test_book/chapters_summary.json?smoke=1' while reading /home/az/Code/bukivedenie/outputs/test_book/chapters_summary.json?smoke=1
2026-05-12T11:33:02Z books endpoint: count=6 sample=['test_book', 'tolstoj_lew_nikolaewich-text_1', 'tolstoj_lew_nikolaewich-text_2', 'tolstoj_lew_nikolaewich-text_3', 'tolstoj_lew_nikolaewich-text_4', 'чехов-письмо']
2026-05-12T11:33:02Z list_files: book=test_book files_count=16 sample=['chapters_summary.json', 'character_freq_by_chapter.csv', 'characters.csv', 'cloud_generation.log', 'complexity_metrics.json', 'cooccurrence_edges.csv', 'hapax.csv', 'processed/test_book_normalized.txt', 'processed/test_book_sentences.jsonl', 'punctuation_counts.csv']
2026-05-12T11:41:07Z books endpoint: count=6 sample=['test_book', 'tolstoj_lew_nikolaewich-text_1', 'tolstoj_lew_nikolaewich-text_2', 'tolstoj_lew_nikolaewich-text_3', 'tolstoj_lew_nikolaewich-text_4', 'чехов-письмо']
2026-05-12T11:41:07Z list_files: book=test_book files_count=16 sample=['chapters_summary.json', 'character_freq_by_chapter.csv', 'characters.csv', 'cloud_generation.log', 'complexity_metrics.json', 'cooccurrence_edges.csv', 'hapax.csv', 'processed/test_book_normalized.txt', 'processed/test_book_sentences.jsonl', 'punctuation_counts.csv']
2026-05-12T11:41:17Z books endpoint: count=6 sample=['test_book', 'tolstoj_lew_nikolaewich-text_1', 'tolstoj_lew_nikolaewich-text_2', 'tolstoj_lew_nikolaewich-text_3', 'tolstoj_lew_nikolaewich-text_4', 'чехов-письмо']
2026-05-12T11:41:17Z list_files: book=test_book files_count=16 sample=['chapters_summary.json', 'character_freq_by_chapter.csv', 'characters.csv', 'cloud_generation.log', 'complexity_metrics.json', 'cooccurrence_edges.csv', 'hapax.csv', 'processed/test_book_normalized.txt', 'processed/test_book_sentences.jsonl', 'punctuation_counts.csv']
2026-05-12T11:41:17Z list_files: book=test_book files_count=16 sample=['chapters_summary.json', 'character_freq_by_chapter.csv', 'characters.csv', 'cloud_generation.log', 'complexity_metrics.json', 'cooccurrence_edges.csv', 'hapax.csv', 'processed/test_book_normalized.txt', 'processed/test_book_sentences.jsonl', 'punctuation_counts.csv']
2026-05-12T11:41:17Z file_parsed: serving /home/az/Code/bukivedenie/outputs/test_book/tokens.csv
2026-05-12T11:41:18Z list_files: book=test_book files_count=16 sample=['chapters_summary.json', 'character_freq_by_chapter.csv', 'characters.csv', 'cloud_generation.log', 'complexity_metrics.json', 'cooccurrence_edges.csv', 'hapax.csv', 'processed/test_book_normalized.txt', 'processed/test_book_sentences.jsonl', 'punctuation_counts.csv']
2026-05-12T11:41:18Z file_parsed: serving /home/az/Code/bukivedenie/outputs/test_book/tokens.csv
2026-05-12T11:41:48Z list_files: book=test_book files_count=16 sample=['chapters_summary.json', 'character_freq_by_chapter.csv', 'characters.csv', 'cloud_generation.log', 'complexity_metrics.json', 'cooccurrence_edges.csv', 'hapax.csv', 'processed/test_book_normalized.txt', 'processed/test_book_sentences.jsonl', 'punctuation_counts.csv']
2026-05-12T11:41:48Z file_parsed: serving /home/az/Code/bukivedenie/outputs/test_book/cooccurrence_edges.csv
2026-05-12T11:41:48Z list_files: book=test_book files_count=16 sample=['chapters_summary.json', 'character_freq_by_chapter.csv', 'characters.csv', 'cloud_generation.log', 'complexity_metrics.json', 'cooccurrence_edges.csv', 'hapax.csv', 'processed/test_book_normalized.txt', 'processed/test_book_sentences.jsonl', 'punctuation_counts.csv']
2026-05-12T11:41:48Z file_parsed: serving /home/az/Code/bukivedenie/outputs/test_book/sentiment_by_chapter.csv
2026-05-12T11:41:49Z list_files: book=test_book files_count=16 sample=['chapters_summary.json', 'character_freq_by_chapter.csv', 'characters.csv', 'cloud_generation.log', 'complexity_metrics.json', 'cooccurrence_edges.csv', 'hapax.csv', 'processed/test_book_normalized.txt', 'processed/test_book_sentences.jsonl', 'punctuation_counts.csv']
2026-05-12T11:41:49Z file_parsed: serving /home/az/Code/bukivedenie/outputs/test_book/tokens.csv
2026-05-12T11:41:49Z token_by_chapter: book=test_book token=иван
2026-05-12T11:41:49Z token_by_chapter: parsed_type=<class 'dict'> parsed_len=1 sample_parsed={'chapters': [{'chapter_idx': 0, 'title': 'Глава 1', 'start_offset': 0, 'end_offset': 318, 'total_chars': 318, 'total_paragraphs': 4, 'total_sentences': 13, 'total_words': 51, 'dialog_sentences': 4, '
2026-05-12T11:41:49Z token_by_chapter: using sentences file /home/az/Code/bukivedenie/outputs/processed/test_book_sentences.jsonl
2026-05-12T11:41:49Z token_by_chapter: bins=[{'idx': 0, 'start': 0, 'end': 318, 'title': 'Глава 1', 'count': 0}, {'idx': 1, 'start': 318, 'end': 828, 'title': 'Глава 2', 'count': 0}, {'idx': 2, 'start': 828, 'end': 1198, 'title': 'Глава 3', 'count': 0}]
2026-05-12T11:41:49Z token_by_chapter: book=test_book token=и
2026-05-12T11:41:49Z token_by_chapter: parsed_type=<class 'dict'> parsed_len=1 sample_parsed={'chapters': [{'chapter_idx': 0, 'title': 'Глава 1', 'start_offset': 0, 'end_offset': 318, 'total_chars': 318, 'total_paragraphs': 4, 'total_sentences': 13, 'total_words': 51, 'dialog_sentences': 4, '
2026-05-12T11:41:49Z token_by_chapter: using sentences file /home/az/Code/bukivedenie/outputs/processed/test_book_sentences.jsonl
2026-05-12T11:41:49Z token_by_chapter: bins=[{'idx': 0, 'start': 0, 'end': 318, 'title': 'Глава 1', 'count': 0}, {'idx': 1, 'start': 318, 'end': 828, 'title': 'Глава 2', 'count': 0}, {'idx': 2, 'start': 828, 'end': 1198, 'title': 'Глава 3', 'count': 0}]
2026-05-12T11:41:49Z token_by_chapter: book=test_book token=в
2026-05-12T11:41:49Z token_by_chapter: parsed_type=<class 'dict'> parsed_len=1 sample_parsed={'chapters': [{'chapter_idx': 0, 'title': 'Глава 1', 'start_offset': 0, 'end_offset': 318, 'total_chars': 318, 'total_paragraphs': 4, 'total_sentences': 13, 'total_words': 51, 'dialog_sentences': 4, '
2026-05-12T11:41:49Z token_by_chapter: using sentences file /home/az/Code/bukivedenie/outputs/processed/test_book_sentences.jsonl
2026-05-12T11:41:49Z token_by_chapter: bins=[{'idx': 0, 'start': 0, 'end': 318, 'title': 'Глава 1', 'count': 0}, {'idx': 1, 'start': 318, 'end': 828, 'title': 'Глава 2', 'count': 0}, {'idx': 2, 'start': 828, 'end': 1198, 'title': 'Глава 3', 'count': 0}]
2026-05-12T11:41:49Z token_by_chapter: book=test_book token=о
2026-05-12T11:41:49Z token_by_chapter: parsed_type=<class 'dict'> parsed_len=1 sample_parsed={'chapters': [{'chapter_idx': 0, 'title': 'Глава 1', 'start_offset': 0, 'end_offset': 318, 'total_chars': 318, 'total_paragraphs': 4, 'total_sentences': 13, 'total_words': 51, 'dialog_sentences': 4, '
2026-05-12T11:41:49Z token_by_chapter: using sentences file /home/az/Code/bukivedenie/outputs/processed/test_book_sentences.jsonl
2026-05-12T11:41:49Z token_by_chapter: bins=[{'idx': 0, 'start': 0, 'end': 318, 'title': 'Глава 1', 'count': 0}, {'idx': 1, 'start': 318, 'end': 828, 'title': 'Глава 2', 'count': 0}, {'idx': 2, 'start': 828, 'end': 1198, 'title': 'Глава 3', 'count': 0}]
2026-05-12T11:41:49Z token_by_chapter: book=test_book token=они
2026-05-12T11:41:49Z token_by_chapter: parsed_type=<class 'dict'> parsed_len=1 sample_parsed={'chapters': [{'chapter_idx': 0, 'title': 'Глава 1', 'start_offset': 0, 'end_offset': 318, 'total_chars': 318, 'total_paragraphs': 4, 'total_sentences': 13, 'total_words': 51, 'dialog_sentences': 4, '
2026-05-12T11:41:49Z token_by_chapter: using sentences file /home/az/Code/bukivedenie/outputs/processed/test_book_sentences.jsonl
2026-05-12T11:41:49Z token_by_chapter: bins=[{'idx': 0, 'start': 0, 'end': 318, 'title': 'Глава 1', 'count': 0}, {'idx': 1, 'start': 318, 'end': 828, 'title': 'Глава 2', 'count': 0}, {'idx': 2, 'start': 828, 'end': 1198, 'title': 'Глава 3', 'count': 0}]
2026-05-12T11:41:49Z token_by_chapter: book=test_book token=анна
2026-05-12T11:41:49Z token_by_chapter: parsed_type=<class 'dict'> parsed_len=1 sample_parsed={'chapters': [{'chapter_idx': 0, 'title': 'Глава 1', 'start_offset': 0, 'end_offset': 318, 'total_chars': 318, 'total_paragraphs': 4, 'total_sentences': 13, 'total_words': 51, 'dialog_sentences': 4, '
2026-05-12T11:41:49Z token_by_chapter: using sentences file /home/az/Code/bukivedenie/outputs/processed/test_book_sentences.jsonl
2026-05-12T11:41:49Z token_by_chapter: bins=[{'idx': 0, 'start': 0, 'end': 318, 'title': 'Глава 1', 'count': 0}, {'idx': 1, 'start': 318, 'end': 828, 'title': 'Глава 2', 'count': 0}, {'idx': 2, 'start': 828, 'end': 1198, 'title': 'Глава 3', 'count': 0}]
2026-05-12T11:41:49Z token_by_chapter: book=test_book token=глава
2026-05-12T11:41:49Z token_by_chapter: parsed_type=<class 'dict'> parsed_len=1 sample_parsed={'chapters': [{'chapter_idx': 0, 'title': 'Глава 1', 'start_offset': 0, 'end_offset': 318, 'total_chars': 318, 'total_paragraphs': 4, 'total_sentences': 13, 'total_words': 51, 'dialog_sentences': 4, '
2026-05-12T11:41:49Z token_by_chapter: using sentences file /home/az/Code/bukivedenie/outputs/processed/test_book_sentences.jsonl
2026-05-12T11:41:49Z token_by_chapter: bins=[{'idx': 0, 'start': 0, 'end': 318, 'title': 'Глава 1', 'count': 0}, {'idx': 1, 'start': 318, 'end': 828, 'title': 'Глава 2', 'count': 0}, {'idx': 2, 'start': 828, 'end': 1198, 'title': 'Глава 3', 'count': 0}]
2026-05-12T11:41:49Z token_by_chapter: book=test_book token=это
2026-05-12T11:41:49Z token_by_chapter: parsed_type=<class 'dict'> parsed_len=1 sample_parsed={'chapters': [{'chapter_idx': 0, 'title': 'Глава 1', 'start_offset': 0, 'end_offset': 318, 'total_chars': 318, 'total_paragraphs': 4, 'total_sentences': 13, 'total_words': 51, 'dialog_sentences': 4, '
2026-05-12T11:41:49Z token_by_chapter: using sentences file /home/az/Code/bukivedenie/outputs/processed/test_book_sentences.jsonl
2026-05-12T11:41:49Z token_by_chapter: bins=[{'idx': 0, 'start': 0, 'end': 318, 'title': 'Глава 1', 'count': 0}, {'idx': 1, 'start': 318, 'end': 828, 'title': 'Глава 2', 'count': 0}, {'idx': 2, 'start': 828, 'end': 1198, 'title': 'Глава 3', 'count': 0}]
2026-05-12T11:41:49Z token_by_chapter: book=test_book token=был
2026-05-12T11:41:49Z token_by_chapter: parsed_type=<class 'dict'> parsed_len=1 sample_parsed={'chapters': [{'chapter_idx': 0, 'title': 'Глава 1', 'start_offset': 0, 'end_offset': 318, 'total_chars': 318, 'total_paragraphs': 4, 'total_sentences': 13, 'total_words': 51, 'dialog_sentences': 4, '
2026-05-12T11:41:49Z token_by_chapter: using sentences file /home/az/Code/bukivedenie/outputs/processed/test_book_sentences.jsonl
2026-05-12T11:41:49Z token_by_chapter: bins=[{'idx': 0, 'start': 0, 'end': 318, 'title': 'Глава 1', 'count': 0}, {'idx': 1, 'start': 318, 'end': 828, 'title': 'Глава 2', 'count': 0}, {'idx': 2, 'start': 828, 'end': 1198, 'title': 'Глава 3', 'count': 0}]
2026-05-12T11:41:49Z token_by_chapter: book=test_book token=по
2026-05-12T11:41:49Z token_by_chapter: parsed_type=<class 'dict'> parsed_len=1 sample_parsed={'chapters': [{'chapter_idx': 0, 'title': 'Глава 1', 'start_offset': 0, 'end_offset': 318, 'total_chars': 318, 'total_paragraphs': 4, 'total_sentences': 13, 'total_words': 51, 'dialog_sentences': 4, '
2026-05-12T11:41:49Z token_by_chapter: using sentences file /home/az/Code/bukivedenie/outputs/processed/test_book_sentences.jsonl
2026-05-12T11:41:49Z token_by_chapter: bins=[{'idx': 0, 'start': 0, 'end': 318, 'title': 'Глава 1', 'count': 0}, {'idx': 1, 'start': 318, 'end': 828, 'title': 'Глава 2', 'count': 0}, {'idx': 2, 'start': 828, 'end': 1198, 'title': 'Глава 3', 'count': 0}]
2026-05-12T11:41:49Z token_by_chapter: book=test_book token=петр
2026-05-12T11:41:49Z token_by_chapter: parsed_type=<class 'dict'> parsed_len=1 sample_parsed={'chapters': [{'chapter_idx': 0, 'title': 'Глава 1', 'start_offset': 0, 'end_offset': 318, 'total_chars': 318, 'total_paragraphs': 4, 'total_sentences': 13, 'total_words': 51, 'dialog_sentences': 4, '
2026-05-12T11:41:49Z token_by_chapter: using sentences file /home/az/Code/bukivedenie/outputs/processed/test_book_sentences.jsonl
2026-05-12T11:41:49Z token_by_chapter: bins=[{'idx': 0, 'start': 0, 'end': 318, 'title': 'Глава 1', 'count': 0}, {'idx': 1, 'start': 318, 'end': 828, 'title': 'Глава 2', 'count': 0}, {'idx': 2, 'start': 828, 'end': 1198, 'title': 'Глава 3', 'count': 0}]
2026-05-12T11:41:49Z token_by_chapter: book=test_book token=на
2026-05-12T11:41:49Z token_by_chapter: parsed_type=<class 'dict'> parsed_len=1 sample_parsed={'chapters': [{'chapter_idx': 0, 'title': 'Глава 1', 'start_offset': 0, 'end_offset': 318, 'total_chars': 318, 'total_paragraphs': 4, 'total_sentences': 13, 'total_words': 51, 'dialog_sentences': 4, '
2026-05-12T11:41:49Z token_by_chapter: using sentences file /home/az/Code/bukivedenie/outputs/processed/test_book_sentences.jsonl
2026-05-12T11:41:49Z token_by_chapter: bins=[{'idx': 0, 'start': 0, 'end': 318, 'title': 'Глава 1', 'count': 0}, {'idx': 1, 'start': 318, 'end': 828, 'title': 'Глава 2', 'count': 0}, {'idx': 2, 'start': 828, 'end': 1198, 'title': 'Глава 3', 'count': 0}]
2026-05-12T11:41:49Z token_by_chapter: book=test_book token=ты
2026-05-12T11:41:49Z token_by_chapter: parsed_type=<class 'dict'> parsed_len=1 sample_parsed={'chapters': [{'chapter_idx': 0, 'title': 'Глава 1', 'start_offset': 0, 'end_offset': 318, 'total_chars': 318, 'total_paragraphs': 4, 'total_sentences': 13, 'total_words': 51, 'dialog_sentences': 4, '
2026-05-12T11:41:49Z token_by_chapter: using sentences file /home/az/Code/bukivedenie/outputs/processed/test_book_sentences.jsonl
2026-05-12T11:41:49Z token_by_chapter: bins=[{'idx': 0, 'start': 0, 'end': 318, 'title': 'Глава 1', 'count': 0}, {'idx': 1, 'start': 318, 'end': 828, 'title': 'Глава 2', 'count': 0}, {'idx': 2, 'start': 828, 'end': 1198, 'title': 'Глава 3', 'count': 0}]
2026-05-12T11:41:49Z token_by_chapter: book=test_book token=день
2026-05-12T11:41:49Z token_by_chapter: parsed_type=<class 'dict'> parsed_len=1 sample_parsed={'chapters': [{'chapter_idx': 0, 'title': 'Глава 1', 'start_offset': 0, 'end_offset': 318, 'total_chars': 318, 'total_paragraphs': 4, 'total_sentences': 13, 'total_words': 51, 'dialog_sentences': 4, '
2026-05-12T11:41:49Z token_by_chapter: using sentences file /home/az/Code/bukivedenie/outputs/processed/test_book_sentences.jsonl
2026-05-12T11:41:49Z token_by_chapter: bins=[{'idx': 0, 'start': 0, 'end': 318, 'title': 'Глава 1', 'count': 0}, {'idx': 1, 'start': 318, 'end': 828, 'title': 'Глава 2', 'count': 0}, {'idx': 2, 'start': 828, 'end': 1198, 'title': 'Глава 3', 'count': 0}]
2026-05-12T11:41:49Z token_by_chapter: book=test_book token=с
2026-05-12T11:41:49Z token_by_chapter: parsed_type=<class 'dict'> parsed_len=1 sample_parsed={'chapters': [{'chapter_idx': 0, 'title': 'Глава 1', 'start_offset': 0, 'end_offset': 318, 'total_chars': 318, 'total_paragraphs': 4, 'total_sentences': 13, 'total_words': 51, 'dialog_sentences': 4, '
2026-05-12T11:41:49Z token_by_chapter: using sentences file /home/az/Code/bukivedenie/outputs/processed/test_book_sentences.jsonl
2026-05-12T11:41:49Z token_by_chapter: bins=[{'idx': 0, 'start': 0, 'end': 318, 'title': 'Глава 1', 'count': 0}, {'idx': 1, 'start': 318, 'end': 828, 'title': 'Глава 2', 'count': 0}, {'idx': 2, 'start': 828, 'end': 1198, 'title': 'Глава 3', 'count': 0}]
2026-05-12T11:41:49Z list_files: book=test_book files_count=16 sample=['chapters_summary.json', 'character_freq_by_chapter.csv', 'characters.csv', 'cloud_generation.log', 'complexity_metrics.json', 'cooccurrence_edges.csv', 'hapax.csv', 'processed/test_book_normalized.txt', 'processed/test_book_sentences.jsonl', 'punctuation_counts.csv']
2026-05-12T11:41:49Z file_parsed: serving /home/az/Code/bukivedenie/outputs/test_book/chapters_summary.json
