=== Cloud generation started: 2026-05-11T15:56:24.304387
✗ Модуль wordcloud недоступен. Установите: pip install wordcloud
=== Cloud generation started: 2026-05-11T15:58:56.268572
✗ Модуль wordcloud недоступен. Установите: pip install wordcloud
=== Cloud generation started: 2026-05-11T16:52:32.063389
✗ Таблица частот не найдена: outputs/tables/tolstoj_lew_nikolaewich-text_1_word_counts.csv
  Подсказка: выполните
    python src/analyze_text.py analyze --input data/raw/tolstoj_lew_nikolaewich-text_1.txt --output-dir outputs --lang ru
  или запустите scripts/generate_word_counts.py --text-id tolstoj_lew_nikolaewich-text_1 или укажите --counts-path.
=== Cloud generation started: 2026-05-11T17:23:34.187963
✗ Таблица частот не найдена: outputs/tables/tolstoj_lew_nikolaewich-text_1_word_counts.csv
  Подсказка: выполните
    python src/analyze_text.py analyze --input data/raw/tolstoj_lew_nikolaewich-text_1.txt --output-dir outputs --lang ru
  или запустите scripts/generate_word_counts.py --text-id tolstoj_lew_nikolaewich-text_1 или укажите --counts-path.
=== Cloud generation started: 2026-05-11T17:29:22.244518
✗ Таблица частот не найдена: outputs/tables/tolstoj_lew_nikolaewich-text_1_word_counts.csv
  Подсказка: выполните
    python src/analyze_text.py analyze --input data/raw/tolstoj_lew_nikolaewich-text_1.txt --output-dir outputs --lang ru
  или запустите scripts/generate_word_counts.py --text-id tolstoj_lew_nikolaewich-text_1 или укажите --counts-path.
=== Cloud generation started: 2026-05-11T17:48:55.342305
✗ Таблица частот не найдена: outputs/tables/tolstoj_lew_nikolaewich-text_1_word_counts.csv
  Подсказка: выполните
    python src/analyze_text.py analyze --input data/raw/tolstoj_lew_nikolaewich-text_1.txt --output-dir outputs --lang ru
  или запустите scripts/generate_word_counts.py --text-id tolstoj_lew_nikolaewich-text_1 или укажите --counts-path.
=== Cloud generation started: 2026-05-11T18:13:05.723847
✗ Таблица частот не найдена: outputs/tables/tolstoj_lew_nikolaewich-text_1_word_counts.csv
  Подсказка: выполните
    python src/analyze_text.py analyze --input data/raw/tolstoj_lew_nikolaewich-text_1.txt --output-dir outputs --lang ru
  или запустите scripts/generate_word_counts.py --text-id tolstoj_lew_nikolaewich-text_1 или укажите --counts-path.
=== Cloud generation started: 2026-05-14T07:10:29.467966
Traceback (most recent call last):
  File "/home/az/Code/bukivedenie/src/legacy_scripts/plot_wordcloud_counts_legacy.py", line 26, in <module>
    import yaml
ModuleNotFoundError: No module named 'yaml'
=== Cloud generation started: 2026-05-14T07:11:27.532598
Traceback (most recent call last):
  File "/home/az/Code/bukivedenie/src/legacy_scripts/plot_wordcloud_counts_legacy.py", line 26, in <module>
    import yaml
ModuleNotFoundError: No module named 'yaml'
=== Cloud generation started: 2026-05-14T08:08:26.354885
Traceback (most recent call last):
  File "/home/az/Code/bukivedenie/src/legacy_scripts/plot_wordcloud_counts_legacy.py", line 26, in <module>
    import yaml
ModuleNotFoundError: No module named 'yaml'
=== Cloud generation started: 2026-05-14T08:09:34.624041
Traceback (most recent call last):
  File "/home/az/Code/bukivedenie/src/legacy_scripts/plot_wordcloud_counts_legacy.py", line 26, in <module>
    import yaml
ModuleNotFoundError: No module named 'yaml'
=== Cloud generation started: 2026-05-14T08:12:06.207003
Traceback (most recent call last):
  File "/home/az/Code/bukivedenie/src/legacy_scripts/plot_wordcloud_counts_legacy.py", line 26, in <module>
    import yaml
ModuleNotFoundError: No module named 'yaml'
=== Cloud generation started: 2026-05-14T08:13:12.356939
Traceback (most recent call last):
  File "/home/az/Code/bukivedenie/src/legacy_scripts/plot_wordcloud_counts_legacy.py", line 26, in <module>
    import yaml
ModuleNotFoundError: No module named 'yaml'
